<?xml version="1.0" encoding="UTF-8"?>
<testng-results ignored="0" total="1" passed="1" failed="0" skipped="0">
  <reporter-output>
    <line>
      <![CDATA[Launch Browser]]>
    </line>
    <line>
      <![CDATA[Read data from excel sheet method]]>
    </line>
    <line>
      <![CDATA[Read data from excel sheet method]]>
    </line>
    <line>
      <![CDATA[Read data from excel sheet method]]>
    </line>
    <line>
      <![CDATA[Close CoverFox Browser]]>
    </line>
  </reporter-output>
  <suite started-at="2024-01-19T16:49:59 IST" name="Default suite" finished-at="2024-01-19T16:50:52 IST" duration-ms="52421">
    <groups>
    </groups>
    <test started-at="2024-01-19T16:49:59 IST" name="Default test" finished-at="2024-01-19T16:50:52 IST" duration-ms="52421">
      <class name="coverFox_Test.CF_TC555_Validate_search_results_for_healthcare_policies">
        <test-method is-config="true" signature="launchBrowser()[pri:0, instance:coverFox_Test.CF_TC555_Validate_search_results_for_healthcare_policies@408d971b]" started-at="2024-01-19T16:49:59 IST" name="launchBrowser" finished-at="2024-01-19T16:50:08 IST" duration-ms="8567" status="PASS">
          <reporter-output>
            <line>
              <![CDATA[Launch Browser]]>
            </line>
          </reporter-output>
        </test-method> <!-- launchBrowser -->
        <test-method is-config="true" signature="enterMemeberDeatils()[pri:0, instance:coverFox_Test.CF_TC555_Validate_search_results_for_healthcare_policies@408d971b]" started-at="2024-01-19T16:50:08 IST" name="enterMemeberDeatils" finished-at="2024-01-19T16:50:17 IST" duration-ms="9301" status="PASS">
          <reporter-output>
            <line>
              <![CDATA[Read data from excel sheet method]]>
            </line>
            <line>
              <![CDATA[Read data from excel sheet method]]>
            </line>
            <line>
              <![CDATA[Read data from excel sheet method]]>
            </line>
          </reporter-output>
        </test-method> <!-- enterMemeberDeatils -->
        <test-method signature="validateTestPlansFromTextAndBanners()[pri:0, instance:coverFox_Test.CF_TC555_Validate_search_results_for_healthcare_policies@408d971b]" started-at="2024-01-19T16:50:17 IST" name="validateTestPlansFromTextAndBanners" finished-at="2024-01-19T16:50:42 IST" duration-ms="24273" status="PASS">
          <reporter-output>
          </reporter-output>
        </test-method> <!-- validateTestPlansFromTextAndBanners -->
        <test-method is-config="true" signature="closeBrowser()[pri:0, instance:coverFox_Test.CF_TC555_Validate_search_results_for_healthcare_policies@408d971b]" started-at="2024-01-19T16:50:42 IST" name="closeBrowser" finished-at="2024-01-19T16:50:52 IST" duration-ms="10186" status="PASS">
          <reporter-output>
            <line>
              <![CDATA[Close CoverFox Browser]]>
            </line>
          </reporter-output>
        </test-method> <!-- closeBrowser -->
      </class> <!-- coverFox_Test.CF_TC555_Validate_search_results_for_healthcare_policies -->
    </test> <!-- Default test -->
  </suite> <!-- Default suite -->
</testng-results>
